<?xml version="1.0" encoding="UTF-8"?>
<testsuite name="test.java.ParkingLotTest" tests="2" skipped="0" failures="0" errors="0" timestamp="2015-08-26T23:57:27" hostname="Georges-MacBook-Pro.local" time="0.002">
  <properties/>
  <testcase name="testParkCar" classname="test.java.ParkingLotTest" time="0.001"/>
  <testcase name="testUnparkCar" classname="test.java.ParkingLotTest" time="0.0"/>
  <system-out><![CDATA[Testing parkCar()
Testing unParkCar()
]]></system-out>
  <system-err><![CDATA[]]></system-err>
</testsuite>
